<?xml version="1.0" encoding="UTF-8"?>
<!-- Generated by org.testng.reporters.JUnitXMLReporter -->
<testsuite ignored="0" hostname="DESKTOP-PHL81UN" failures="0" tests="2" name="Default test" time="0.654" errors="0" timestamp="28 Feb 2020 14:39:11 GMT">
  <testcase classname="com.testAutomation.testRunner.TestRunner" name="feature" time="0.293">
    <skipped/>
  </testcase> <!-- feature -->
  <testcase classname="com.testAutomation.testRunner.TestRunner" name="feature" time="0.004">
    <skipped/>
  </testcase> <!-- feature -->
</testsuite> <!-- Default test -->
