<?xml version="1.0" encoding="UTF-8"?>
<!-- Generated by org.testng.reporters.JUnitReportReporter -->
<testsuite hostname="DESKTOP-PHL81UN" failures="1" tests="2" name="com.testAutomation.testRunner.TestRunner" time="68.469" errors="0" timestamp="05 Mar 2020 12:26:23 GMT" skipped="0">
  <testcase classname="com.testAutomation.testRunner.TestRunner" name="feature" time="34.913">
    <failure message="expected [true] but found [false]" type="java.lang.AssertionError">
      <![CDATA[java.lang.AssertionError: expected [true] but found [false]
at org.testng.Assert.fail(Assert.java:96)
at org.testng.Assert.failNotEquals(Assert.java:776)
at org.testng.Assert.assertTrue(Assert.java:44)
at org.testng.Assert.assertTrue(Assert.java:54)
at com.testAutomation.stepDef.AmazonSearchStepDef.validate_product_name(AmazonSearchStepDef.java:45)
at ✽.Validate product name(src/test/resources/features/AmazonSearch.feature:7)
]]>
    </failure>
  </testcase> <!-- feature -->
  <testcase classname="com.testAutomation.testRunner.TestRunner" name="feature" time="33.556"/>
</testsuite> <!-- com.testAutomation.testRunner.TestRunner -->
